Arguments: 
  C:\Program Files\nodejs\node.exe C:\Users\4399k\AppData\Roaming\npm\node_modules\yarn\bin\yarn.js init gatsby

PATH: 
  C:\Program Files\NVIDIA GPU Computing Toolkit\CUDA\v11.8\bin;C:\Program Files\NVIDIA GPU Computing Toolkit\CUDA\v11.8\libnvvp;C:\Program Files (x86)\Common Files\Oracle\Java\javapath;C:\Python310\Scripts\;C:\Python310\;C:\Windows\system32;C:\Windows;C:\Windows\System32\Wbem;C:\Windows\System32\WindowsPowerShell\v1.0\;C:\Windows\System32\OpenSSH\;C:\Program Files\NVIDIA Corporation\NVIDIA NvDLISR;C:\Program Files (x86)\NVIDIA Corporation\PhysX\Common;C:\ProgramData\chocolatey\bin;C:\Users\4399k\AppData\Local\Yarn\bin;C:\Program Files\Git\cmd;C:\Program Files (x86)\Windows Kits\10\Windows Performance Toolkit\;C:\Program Files\Go\bin;C:\Program Files\nodejs\;C:\Program Files\Cloudflare\Cloudflare WARP\;C:\Program Files\dotnet\;C:\Program Files (x86)\dotnet\;C:\Program Files\NVIDIA Corporation\Nsight Compute 2022.3.0\;C:\Program Files (x86)\Bitvise SSH Client;C:\Users\4399k\AppData\Local\pnpm;C:\Users\4399k\AppData\Local\Microsoft\WindowsApps;C:\Users\4399k\AppData\Local\Programs\Microsoft VS Code\bin;C:\Program Files\JetBrains\WebStorm 2022.1.2\bin;C:\Program Files\JetBrains\IntelliJ IDEA 2022.1.2\bin;C:\Users\4399k\go\bin;C:\Users\4399k\AppData\Roaming\npm;C:\Users\4399k\AppData\Local\JetBrains\Toolbox\scripts;C:\Users\4399k\AppData\Local\Keybase\;C:\Users\4399k\AppData\Local\spicetify

Yarn version: 
  1.22.18

Node version: 
  16.15.1

Platform: 
  win32 x64

Trace: 
  Error: canceled
      at Interface.<anonymous> (C:\Users\4399k\AppData\Roaming\npm\node_modules\yarn\lib\cli.js:137143:13)
      at Interface.emit (node:events:527:28)
      at Interface._ttyWrite (node:readline:1081:16)
      at ReadStream.onkeypress (node:readline:288:10)
      at ReadStream.emit (node:events:527:28)
      at emitKeys (node:internal/readline/utils:358:14)
      at emitKeys.next (<anonymous>)
      at ReadStream.onData (node:internal/readline/emitKeypressEvents:61:36)
      at ReadStream.emit (node:events:527:28)
      at addChunk (node:internal/streams/readable:315:12)

npm manifest: 
  No manifest

yarn manifest: 
  No manifest

Lockfile: 
  No lockfile
